Linked: (/home/foronz/catkin_ws/devel/.private/beginner_tutorials/include/beginner_tutorials/Student.h, /home/foronz/catkin_ws/devel/include/beginner_tutorials/Student.h)
Linked: (/home/foronz/catkin_ws/devel/.private/beginner_tutorials/include/beginner_tutorials/AddTwoInts.h, /home/foronz/catkin_ws/devel/include/beginner_tutorials/AddTwoInts.h)
Linked: (/home/foronz/catkin_ws/devel/.private/beginner_tutorials/include/beginner_tutorials/AddTwoIntsResponse.h, /home/foronz/catkin_ws/devel/include/beginner_tutorials/AddTwoIntsResponse.h)
Linked: (/home/foronz/catkin_ws/devel/.private/beginner_tutorials/include/beginner_tutorials/AddTwoIntsRequest.h, /home/foronz/catkin_ws/devel/include/beginner_tutorials/AddTwoIntsRequest.h)
Linked: (/home/foronz/catkin_ws/devel/.private/beginner_tutorials/lib/pkgconfig/beginner_tutorials.pc, /home/foronz/catkin_ws/devel/lib/pkgconfig/beginner_tutorials.pc)
Symlinking /home/foronz/catkin_ws/devel/lib/beginner_tutorials/cmake.lock
Symlinking /home/foronz/catkin_ws/devel/lib/beginner_tutorials/talker.py
Symlinking /home/foronz/catkin_ws/devel/lib/beginner_tutorials/listener.py
Linked: (/home/foronz/catkin_ws/devel/.private/beginner_tutorials/lib/python3/dist-packages/beginner_tutorials/__init__.py, /home/foronz/catkin_ws/devel/lib/python3/dist-packages/beginner_tutorials/__init__.py)
Linked: (/home/foronz/catkin_ws/devel/.private/beginner_tutorials/lib/python3/dist-packages/beginner_tutorials/srv/_AddTwoInts.py, /home/foronz/catkin_ws/devel/lib/python3/dist-packages/beginner_tutorials/srv/_AddTwoInts.py)
Linked: (/home/foronz/catkin_ws/devel/.private/beginner_tutorials/lib/python3/dist-packages/beginner_tutorials/srv/__init__.py, /home/foronz/catkin_ws/devel/lib/python3/dist-packages/beginner_tutorials/srv/__init__.py)
Linked: (/home/foronz/catkin_ws/devel/.private/beginner_tutorials/lib/python3/dist-packages/beginner_tutorials/msg/_Student.py, /home/foronz/catkin_ws/devel/lib/python3/dist-packages/beginner_tutorials/msg/_Student.py)
Linked: (/home/foronz/catkin_ws/devel/.private/beginner_tutorials/lib/python3/dist-packages/beginner_tutorials/msg/__init__.py, /home/foronz/catkin_ws/devel/lib/python3/dist-packages/beginner_tutorials/msg/__init__.py)
Linked: (/home/foronz/catkin_ws/devel/.private/beginner_tutorials/share/gennodejs/ros/beginner_tutorials/_index.js, /home/foronz/catkin_ws/devel/share/gennodejs/ros/beginner_tutorials/_index.js)
Linked: (/home/foronz/catkin_ws/devel/.private/beginner_tutorials/share/gennodejs/ros/beginner_tutorials/srv/AddTwoInts.js, /home/foronz/catkin_ws/devel/share/gennodejs/ros/beginner_tutorials/srv/AddTwoInts.js)
Linked: (/home/foronz/catkin_ws/devel/.private/beginner_tutorials/share/gennodejs/ros/beginner_tutorials/srv/_index.js, /home/foronz/catkin_ws/devel/share/gennodejs/ros/beginner_tutorials/srv/_index.js)
Linked: (/home/foronz/catkin_ws/devel/.private/beginner_tutorials/share/gennodejs/ros/beginner_tutorials/msg/Student.js, /home/foronz/catkin_ws/devel/share/gennodejs/ros/beginner_tutorials/msg/Student.js)
Linked: (/home/foronz/catkin_ws/devel/.private/beginner_tutorials/share/gennodejs/ros/beginner_tutorials/msg/_index.js, /home/foronz/catkin_ws/devel/share/gennodejs/ros/beginner_tutorials/msg/_index.js)
Linked: (/home/foronz/catkin_ws/devel/.private/beginner_tutorials/share/beginner_tutorials/cmake/beginner_tutorialsConfig-version.cmake, /home/foronz/catkin_ws/devel/share/beginner_tutorials/cmake/beginner_tutorialsConfig-version.cmake)
Linked: (/home/foronz/catkin_ws/devel/.private/beginner_tutorials/share/beginner_tutorials/cmake/beginner_tutorials-msg-paths.cmake, /home/foronz/catkin_ws/devel/share/beginner_tutorials/cmake/beginner_tutorials-msg-paths.cmake)
Linked: (/home/foronz/catkin_ws/devel/.private/beginner_tutorials/share/beginner_tutorials/cmake/beginner_tutorialsConfig.cmake, /home/foronz/catkin_ws/devel/share/beginner_tutorials/cmake/beginner_tutorialsConfig.cmake)
Linked: (/home/foronz/catkin_ws/devel/.private/beginner_tutorials/share/beginner_tutorials/cmake/beginner_tutorials-msg-extras.cmake, /home/foronz/catkin_ws/devel/share/beginner_tutorials/cmake/beginner_tutorials-msg-extras.cmake)
Linked: (/home/foronz/catkin_ws/devel/.private/beginner_tutorials/share/common-lisp/ros/beginner_tutorials/srv/beginner_tutorials-srv.asd, /home/foronz/catkin_ws/devel/share/common-lisp/ros/beginner_tutorials/srv/beginner_tutorials-srv.asd)
Linked: (/home/foronz/catkin_ws/devel/.private/beginner_tutorials/share/common-lisp/ros/beginner_tutorials/srv/_package_AddTwoInts.lisp, /home/foronz/catkin_ws/devel/share/common-lisp/ros/beginner_tutorials/srv/_package_AddTwoInts.lisp)
Linked: (/home/foronz/catkin_ws/devel/.private/beginner_tutorials/share/common-lisp/ros/beginner_tutorials/srv/_package.lisp, /home/foronz/catkin_ws/devel/share/common-lisp/ros/beginner_tutorials/srv/_package.lisp)
Linked: (/home/foronz/catkin_ws/devel/.private/beginner_tutorials/share/common-lisp/ros/beginner_tutorials/srv/AddTwoInts.lisp, /home/foronz/catkin_ws/devel/share/common-lisp/ros/beginner_tutorials/srv/AddTwoInts.lisp)
Linked: (/home/foronz/catkin_ws/devel/.private/beginner_tutorials/share/common-lisp/ros/beginner_tutorials/msg/Student.lisp, /home/foronz/catkin_ws/devel/share/common-lisp/ros/beginner_tutorials/msg/Student.lisp)
Linked: (/home/foronz/catkin_ws/devel/.private/beginner_tutorials/share/common-lisp/ros/beginner_tutorials/msg/_package_Student.lisp, /home/foronz/catkin_ws/devel/share/common-lisp/ros/beginner_tutorials/msg/_package_Student.lisp)
Linked: (/home/foronz/catkin_ws/devel/.private/beginner_tutorials/share/common-lisp/ros/beginner_tutorials/msg/_package.lisp, /home/foronz/catkin_ws/devel/share/common-lisp/ros/beginner_tutorials/msg/_package.lisp)
Linked: (/home/foronz/catkin_ws/devel/.private/beginner_tutorials/share/common-lisp/ros/beginner_tutorials/msg/beginner_tutorials-msg.asd, /home/foronz/catkin_ws/devel/share/common-lisp/ros/beginner_tutorials/msg/beginner_tutorials-msg.asd)
Linked: (/home/foronz/catkin_ws/devel/.private/beginner_tutorials/share/roseus/ros/beginner_tutorials/manifest.l, /home/foronz/catkin_ws/devel/share/roseus/ros/beginner_tutorials/manifest.l)
Linked: (/home/foronz/catkin_ws/devel/.private/beginner_tutorials/share/roseus/ros/beginner_tutorials/srv/AddTwoInts.l, /home/foronz/catkin_ws/devel/share/roseus/ros/beginner_tutorials/srv/AddTwoInts.l)
Linked: (/home/foronz/catkin_ws/devel/.private/beginner_tutorials/share/roseus/ros/beginner_tutorials/msg/Student.l, /home/foronz/catkin_ws/devel/share/roseus/ros/beginner_tutorials/msg/Student.l)
