[  0%] Built target _beginner_tutorials_generate_messages_check_deps_WaveForm
[  0%] Built target _beginner_tutorials_generate_messages_check_deps_Student
[  0%] Built target _beginner_tutorials_generate_messages_check_deps_AddTwoInts
[  0%] Built target std_msgs_generate_messages_cpp
[  0%] Built target std_msgs_generate_messages_lisp
[  0%] Built target std_msgs_generate_messages_py
[  0%] Built target std_msgs_generate_messages_nodejs
[  0%] Built target std_msgs_generate_messages_eus
[ 13%] Built target beginner_tutorials_generate_messages_cpp
[ 27%] Built target beginner_tutorials_generate_messages_lisp
[ 50%] Built target beginner_tutorials_generate_messages_py
[ 63%] Built target beginner_tutorials_generate_messages_nodejs
[ 81%] Built target beginner_tutorials_generate_messages_eus
[ 90%] Built target talker
[35m[1mScanning dependencies of target listener[0m
[ 95%] [32mBuilding CXX object CMakeFiles/listener.dir/src/listener.cpp.o[0m
[ 95%] Built target beginner_tutorials_generate_messages
[01m[K/home/foronz/catkin_ws/src/beginner_tutorials/src/listener.cpp:[m[K In function ‘[01m[Kint main(int, char**)[m[K’:
[01m[K/home/foronz/catkin_ws/src/beginner_tutorials/src/listener.cpp:14:20:[m[K [01;31m[Kerror: [m[Kexpected initializer before ‘[01m[K_rate[m[K’
   14 |     ros::Rate loop [01;31m[K_rate[m[K(10);
      |                    [01;31m[K^~~~~[m[K
[01m[K/home/foronz/catkin_ws/src/beginner_tutorials/src/listener.cpp:34:9:[m[K [01;31m[Kerror: [m[K‘[01m[Kloop_rate[m[K’ was not declared in this scope
   34 |         [01;31m[Kloop_rate[m[K.sleep();
      |         [01;31m[K^~~~~~~~~[m[K
make[2]: *** [CMakeFiles/listener.dir/build.make:63: CMakeFiles/listener.dir/src/listener.cpp.o] Error 1
make[1]: *** [CMakeFiles/Makefile2:172: CMakeFiles/listener.dir/all] Error 2
make: *** [Makefile:141: all] Error 2
